2017-02-24T11:10:54+00:00 ERR (3): 
exception 'Mage_Core_Model_Session_Exception' in /home/makersga/public_html/myblute.com/app/code/core/Mage/Core/Model/Session/Abstract/Varien.php:416
Stack trace:
#0 /home/makersga/public_html/myblute.com/app/code/core/Mage/Core/Model/Session/Abstract/Varien.php(231): Mage_Core_Model_Session_Abstract_Varien->validate()
#1 /home/makersga/public_html/myblute.com/app/code/core/Mage/Core/Model/Session/Abstract.php(84): Mage_Core_Model_Session_Abstract_Varien->init('reports', NULL)
#2 /home/makersga/public_html/myblute.com/app/code/core/Mage/Reports/Model/Session.php(43): Mage_Core_Model_Session_Abstract->init('reports')
#3 /home/makersga/public_html/myblute.com/app/code/core/Mage/Core/Model/Config.php(1357): Mage_Reports_Model_Session->__construct(Array)
#4 /home/makersga/public_html/myblute.com/app/Mage.php(463): Mage_Core_Model_Config->getModelInstance('reports/session', Array)
#5 /home/makersga/public_html/myblute.com/app/Mage.php(477): Mage::getModel('reports/session', Array)
#6 /home/makersga/public_html/myblute.com/app/code/core/Mage/Reports/Model/Product/Index/Abstract.php(167): Mage::getSingleton('reports/session')
#7 /home/makersga/public_html/myblute.com/app/code/core/Mage/Reports/Model/Product/Index/Abstract.php(185): Mage_Reports_Model_Product_Index_Abstract->_getSession()
#8 /home/makersga/public_html/myblute.com/app/code/core/Mage/Reports/Model/Event/Observer.php(148): Mage_Reports_Model_Product_Index_Abstract->calculate()
#9 /home/makersga/public_html/myblute.com/app/code/core/Mage/Core/Model/App.php(1358): Mage_Reports_Model_Event_Observer->catalogProductView(Object(Varien_Event_Observer))
#10 /home/makersga/public_html/myblute.com/app/code/core/Mage/Core/Model/App.php(1337): Mage_Core_Model_App->_callObserverMethod(Object(Mage_Reports_Model_Event_Observer), 'catalogProductV...', Object(Varien_Event_Observer))
#11 /home/makersga/public_html/myblute.com/app/Mage.php(448): Mage_Core_Model_App->dispatchEvent('catalog_control...', Array)
#12 /home/makersga/public_html/myblute.com/app/code/core/Mage/Catalog/Helper/Product/View.php(135): Mage::dispatchEvent('catalog_control...', Array)
#13 /home/makersga/public_html/myblute.com/app/code/core/Mage/Catalog/controllers/ProductController.php(132): Mage_Catalog_Helper_Product_View->prepareAndRender(1, Object(Mage_Catalog_ProductController), Object(Varien_Object))
#14 /home/makersga/public_html/myblute.com/app/code/core/Mage/Core/Controller/Varien/Action.php(418): Mage_Catalog_ProductController->viewAction()
#15 /home/makersga/public_html/myblute.com/app/code/core/Mage/Core/Controller/Varien/Router/Standard.php(254): Mage_Core_Controller_Varien_Action->dispatch('view')
#16 /home/makersga/public_html/myblute.com/app/code/core/Mage/Core/Controller/Varien/Front.php(172): Mage_Core_Controller_Varien_Router_Standard->match(Object(Mage_Core_Controller_Request_Http))
#17 /home/makersga/public_html/myblute.com/app/code/core/Mage/Core/Model/App.php(365): Mage_Core_Controller_Varien_Front->dispatch()
#18 /home/makersga/public_html/myblute.com/app/Mage.php(684): Mage_Core_Model_App->run(Array)
#19 /home/makersga/public_html/myblute.com/index.php(83): Mage::run('', 'store')
#20 {main}
2017-02-25T11:06:30+00:00 ERR (3): 
exception 'Exception' with message 'Error during unserialization' in /home/makersga/public_html/myblute.com/lib/Unserialize/Parser.php:60
Stack trace:
#0 /home/makersga/public_html/myblute.com/app/code/core/Mage/Core/Helper/UnserializeArray.php(44): Unserialize_Parser->unserialize(Object(Mage_Core_Model_Config_Element))
#1 /home/makersga/public_html/myblute.com/app/code/core/Mage/Adminhtml/Model/System/Config/Backend/Serialized.php(37): Mage_Core_Helper_UnserializeArray->unserialize(Object(Mage_Core_Model_Config_Element))
#2 /home/makersga/public_html/myblute.com/app/code/core/Mage/Core/Model/Config/Data.php(78): Mage_Adminhtml_Model_System_Config_Backend_Serialized->_afterLoad()
#3 /home/makersga/public_html/myblute.com/app/code/core/Mage/Adminhtml/Block/System/Config/Form.php(334): Mage_Core_Model_Config_Data->afterLoad()
#4 /home/makersga/public_html/myblute.com/app/code/core/Mage/Adminhtml/Block/System/Config/Form.php(229): Mage_Adminhtml_Block_System_Config_Form->initFields(Object(Varien_Data_Form_Element_Fieldset), Object(Mage_Core_Model_Config_Element), Object(Mage_Core_Model_Config_Element))
#5 /home/makersga/public_html/myblute.com/app/code/core/Mage/Adminhtml/Block/System/Config/Form.php(164): Mage_Adminhtml_Block_System_Config_Form->_initGroup(Object(Varien_Data_Form), Object(Mage_Core_Model_Config_Element), Object(Mage_Core_Model_Config_Element))
#6 /home/makersga/public_html/myblute.com/app/code/core/Mage/Adminhtml/Block/System/Config/Edit.php(92): Mage_Adminhtml_Block_System_Config_Form->initForm()
#7 /home/makersga/public_html/myblute.com/app/code/core/Mage/Adminhtml/controllers/System/ConfigController.php(107): Mage_Adminhtml_Block_System_Config_Edit->initForm()
#8 /home/makersga/public_html/myblute.com/app/code/core/Mage/Core/Controller/Varien/Action.php(418): Mage_Adminhtml_System_ConfigController->editAction()
#9 /home/makersga/public_html/myblute.com/app/code/core/Mage/Core/Controller/Varien/Router/Standard.php(254): Mage_Core_Controller_Varien_Action->dispatch('edit')
#10 /home/makersga/public_html/myblute.com/app/code/core/Mage/Core/Controller/Varien/Front.php(172): Mage_Core_Controller_Varien_Router_Standard->match(Object(Mage_Core_Controller_Request_Http))
#11 /home/makersga/public_html/myblute.com/app/code/core/Mage/Core/Model/App.php(365): Mage_Core_Controller_Varien_Front->dispatch()
#12 /home/makersga/public_html/myblute.com/app/Mage.php(684): Mage_Core_Model_App->run(Array)
#13 /home/makersga/public_html/myblute.com/index.php(83): Mage::run('', 'store')
#14 {main}
2017-02-25T11:06:30+00:00 ERR (3): 
exception 'Exception' with message 'Error during unserialization' in /home/makersga/public_html/myblute.com/lib/Unserialize/Parser.php:60
Stack trace:
#0 /home/makersga/public_html/myblute.com/app/code/core/Mage/Core/Helper/UnserializeArray.php(44): Unserialize_Parser->unserialize(Object(Mage_Core_Model_Config_Element))
#1 /home/makersga/public_html/myblute.com/app/code/core/Mage/Adminhtml/Model/System/Config/Backend/Serialized.php(37): Mage_Core_Helper_UnserializeArray->unserialize(Object(Mage_Core_Model_Config_Element))
#2 /home/makersga/public_html/myblute.com/app/code/core/Mage/Core/Model/Config/Data.php(78): Mage_Adminhtml_Model_System_Config_Backend_Serialized->_afterLoad()
#3 /home/makersga/public_html/myblute.com/app/code/core/Mage/Adminhtml/Block/System/Config/Form.php(334): Mage_Core_Model_Config_Data->afterLoad()
#4 /home/makersga/public_html/myblute.com/app/code/core/Mage/Adminhtml/Block/System/Config/Form.php(229): Mage_Adminhtml_Block_System_Config_Form->initFields(Object(Varien_Data_Form_Element_Fieldset), Object(Mage_Core_Model_Config_Element), Object(Mage_Core_Model_Config_Element))
#5 /home/makersga/public_html/myblute.com/app/code/core/Mage/Adminhtml/Block/System/Config/Form.php(164): Mage_Adminhtml_Block_System_Config_Form->_initGroup(Object(Varien_Data_Form), Object(Mage_Core_Model_Config_Element), Object(Mage_Core_Model_Config_Element))
#6 /home/makersga/public_html/myblute.com/app/code/core/Mage/Adminhtml/Block/System/Config/Edit.php(92): Mage_Adminhtml_Block_System_Config_Form->initForm()
#7 /home/makersga/public_html/myblute.com/app/code/core/Mage/Adminhtml/controllers/System/ConfigController.php(107): Mage_Adminhtml_Block_System_Config_Edit->initForm()
#8 /home/makersga/public_html/myblute.com/app/code/core/Mage/Core/Controller/Varien/Action.php(418): Mage_Adminhtml_System_ConfigController->editAction()
#9 /home/makersga/public_html/myblute.com/app/code/core/Mage/Core/Controller/Varien/Router/Standard.php(254): Mage_Core_Controller_Varien_Action->dispatch('edit')
#10 /home/makersga/public_html/myblute.com/app/code/core/Mage/Core/Controller/Varien/Front.php(172): Mage_Core_Controller_Varien_Router_Standard->match(Object(Mage_Core_Controller_Request_Http))
#11 /home/makersga/public_html/myblute.com/app/code/core/Mage/Core/Model/App.php(365): Mage_Core_Controller_Varien_Front->dispatch()
#12 /home/makersga/public_html/myblute.com/app/Mage.php(684): Mage_Core_Model_App->run(Array)
#13 /home/makersga/public_html/myblute.com/index.php(83): Mage::run('', 'store')
#14 {main}
2017-02-25T11:06:30+00:00 ERR (3): 
exception 'Exception' with message 'Error during unserialization' in /home/makersga/public_html/myblute.com/lib/Unserialize/Parser.php:60
Stack trace:
#0 /home/makersga/public_html/myblute.com/app/code/core/Mage/Core/Helper/UnserializeArray.php(44): Unserialize_Parser->unserialize(Object(Mage_Core_Model_Config_Element))
#1 /home/makersga/public_html/myblute.com/app/code/core/Mage/Adminhtml/Model/System/Config/Backend/Serialized.php(37): Mage_Core_Helper_UnserializeArray->unserialize(Object(Mage_Core_Model_Config_Element))
#2 /home/makersga/public_html/myblute.com/app/code/core/Mage/Core/Model/Config/Data.php(78): Mage_Adminhtml_Model_System_Config_Backend_Serialized->_afterLoad()
#3 /home/makersga/public_html/myblute.com/app/code/core/Mage/Adminhtml/Block/System/Config/Form.php(334): Mage_Core_Model_Config_Data->afterLoad()
#4 /home/makersga/public_html/myblute.com/app/code/core/Mage/Adminhtml/Block/System/Config/Form.php(229): Mage_Adminhtml_Block_System_Config_Form->initFields(Object(Varien_Data_Form_Element_Fieldset), Object(Mage_Core_Model_Config_Element), Object(Mage_Core_Model_Config_Element))
#5 /home/makersga/public_html/myblute.com/app/code/core/Mage/Adminhtml/Block/System/Config/Form.php(164): Mage_Adminhtml_Block_System_Config_Form->_initGroup(Object(Varien_Data_Form), Object(Mage_Core_Model_Config_Element), Object(Mage_Core_Model_Config_Element))
#6 /home/makersga/public_html/myblute.com/app/code/core/Mage/Adminhtml/Block/System/Config/Edit.php(92): Mage_Adminhtml_Block_System_Config_Form->initForm()
#7 /home/makersga/public_html/myblute.com/app/code/core/Mage/Adminhtml/controllers/System/ConfigController.php(107): Mage_Adminhtml_Block_System_Config_Edit->initForm()
#8 /home/makersga/public_html/myblute.com/app/code/core/Mage/Core/Controller/Varien/Action.php(418): Mage_Adminhtml_System_ConfigController->editAction()
#9 /home/makersga/public_html/myblute.com/app/code/core/Mage/Core/Controller/Varien/Router/Standard.php(254): Mage_Core_Controller_Varien_Action->dispatch('edit')
#10 /home/makersga/public_html/myblute.com/app/code/core/Mage/Core/Controller/Varien/Front.php(172): Mage_Core_Controller_Varien_Router_Standard->match(Object(Mage_Core_Controller_Request_Http))
#11 /home/makersga/public_html/myblute.com/app/code/core/Mage/Core/Model/App.php(365): Mage_Core_Controller_Varien_Front->dispatch()
#12 /home/makersga/public_html/myblute.com/app/Mage.php(684): Mage_Core_Model_App->run(Array)
#13 /home/makersga/public_html/myblute.com/index.php(83): Mage::run('', 'store')
#14 {main}
2017-02-25T11:06:30+00:00 ERR (3): 
exception 'Exception' with message 'Error during unserialization' in /home/makersga/public_html/myblute.com/lib/Unserialize/Parser.php:60
Stack trace:
#0 /home/makersga/public_html/myblute.com/app/code/core/Mage/Core/Helper/UnserializeArray.php(44): Unserialize_Parser->unserialize(Object(Mage_Core_Model_Config_Element))
#1 /home/makersga/public_html/myblute.com/app/code/core/Mage/Adminhtml/Model/System/Config/Backend/Serialized.php(37): Mage_Core_Helper_UnserializeArray->unserialize(Object(Mage_Core_Model_Config_Element))
#2 /home/makersga/public_html/myblute.com/app/code/core/Mage/Core/Model/Config/Data.php(78): Mage_Adminhtml_Model_System_Config_Backend_Serialized->_afterLoad()
#3 /home/makersga/public_html/myblute.com/app/code/core/Mage/Adminhtml/Block/System/Config/Form.php(334): Mage_Core_Model_Config_Data->afterLoad()
#4 /home/makersga/public_html/myblute.com/app/code/core/Mage/Adminhtml/Block/System/Config/Form.php(229): Mage_Adminhtml_Block_System_Config_Form->initFields(Object(Varien_Data_Form_Element_Fieldset), Object(Mage_Core_Model_Config_Element), Object(Mage_Core_Model_Config_Element))
#5 /home/makersga/public_html/myblute.com/app/code/core/Mage/Adminhtml/Block/System/Config/Form.php(164): Mage_Adminhtml_Block_System_Config_Form->_initGroup(Object(Varien_Data_Form), Object(Mage_Core_Model_Config_Element), Object(Mage_Core_Model_Config_Element))
#6 /home/makersga/public_html/myblute.com/app/code/core/Mage/Adminhtml/Block/System/Config/Edit.php(92): Mage_Adminhtml_Block_System_Config_Form->initForm()
#7 /home/makersga/public_html/myblute.com/app/code/core/Mage/Adminhtml/controllers/System/ConfigController.php(107): Mage_Adminhtml_Block_System_Config_Edit->initForm()
#8 /home/makersga/public_html/myblute.com/app/code/core/Mage/Core/Controller/Varien/Action.php(418): Mage_Adminhtml_System_ConfigController->editAction()
#9 /home/makersga/public_html/myblute.com/app/code/core/Mage/Core/Controller/Varien/Router/Standard.php(254): Mage_Core_Controller_Varien_Action->dispatch('edit')
#10 /home/makersga/public_html/myblute.com/app/code/core/Mage/Core/Controller/Varien/Front.php(172): Mage_Core_Controller_Varien_Router_Standard->match(Object(Mage_Core_Controller_Request_Http))
#11 /home/makersga/public_html/myblute.com/app/code/core/Mage/Core/Model/App.php(365): Mage_Core_Controller_Varien_Front->dispatch()
#12 /home/makersga/public_html/myblute.com/app/Mage.php(684): Mage_Core_Model_App->run(Array)
#13 /home/makersga/public_html/myblute.com/index.php(83): Mage::run('', 'store')
#14 {main}
2017-02-25T11:06:30+00:00 ERR (3): 
exception 'Exception' with message 'Error during unserialization' in /home/makersga/public_html/myblute.com/lib/Unserialize/Parser.php:60
Stack trace:
#0 /home/makersga/public_html/myblute.com/app/code/core/Mage/Core/Helper/UnserializeArray.php(44): Unserialize_Parser->unserialize(Object(Mage_Core_Model_Config_Element))
#1 /home/makersga/public_html/myblute.com/app/code/core/Mage/Adminhtml/Model/System/Config/Backend/Serialized.php(37): Mage_Core_Helper_UnserializeArray->unserialize(Object(Mage_Core_Model_Config_Element))
#2 /home/makersga/public_html/myblute.com/app/code/core/Mage/Core/Model/Config/Data.php(78): Mage_Adminhtml_Model_System_Config_Backend_Serialized->_afterLoad()
#3 /home/makersga/public_html/myblute.com/app/code/core/Mage/Adminhtml/Block/System/Config/Form.php(334): Mage_Core_Model_Config_Data->afterLoad()
#4 /home/makersga/public_html/myblute.com/app/code/core/Mage/Adminhtml/Block/System/Config/Form.php(229): Mage_Adminhtml_Block_System_Config_Form->initFields(Object(Varien_Data_Form_Element_Fieldset), Object(Mage_Core_Model_Config_Element), Object(Mage_Core_Model_Config_Element))
#5 /home/makersga/public_html/myblute.com/app/code/core/Mage/Adminhtml/Block/System/Config/Form.php(164): Mage_Adminhtml_Block_System_Config_Form->_initGroup(Object(Varien_Data_Form), Object(Mage_Core_Model_Config_Element), Object(Mage_Core_Model_Config_Element))
#6 /home/makersga/public_html/myblute.com/app/code/core/Mage/Adminhtml/Block/System/Config/Edit.php(92): Mage_Adminhtml_Block_System_Config_Form->initForm()
#7 /home/makersga/public_html/myblute.com/app/code/core/Mage/Adminhtml/controllers/System/ConfigController.php(107): Mage_Adminhtml_Block_System_Config_Edit->initForm()
#8 /home/makersga/public_html/myblute.com/app/code/core/Mage/Core/Controller/Varien/Action.php(418): Mage_Adminhtml_System_ConfigController->editAction()
#9 /home/makersga/public_html/myblute.com/app/code/core/Mage/Core/Controller/Varien/Router/Standard.php(254): Mage_Core_Controller_Varien_Action->dispatch('edit')
#10 /home/makersga/public_html/myblute.com/app/code/core/Mage/Core/Controller/Varien/Front.php(172): Mage_Core_Controller_Varien_Router_Standard->match(Object(Mage_Core_Controller_Request_Http))
#11 /home/makersga/public_html/myblute.com/app/code/core/Mage/Core/Model/App.php(365): Mage_Core_Controller_Varien_Front->dispatch()
#12 /home/makersga/public_html/myblute.com/app/Mage.php(684): Mage_Core_Model_App->run(Array)
#13 /home/makersga/public_html/myblute.com/index.php(83): Mage::run('', 'store')
#14 {main}
2017-02-27T11:39:13+00:00 ERR (3): 
exception 'Mage_Core_Model_Session_Exception' in /home/makersga/public_html/myblute.com/app/code/core/Mage/Core/Model/Session/Abstract/Varien.php:416
Stack trace:
#0 /home/makersga/public_html/myblute.com/app/code/core/Mage/Core/Model/Session/Abstract/Varien.php(231): Mage_Core_Model_Session_Abstract_Varien->validate()
#1 /home/makersga/public_html/myblute.com/app/code/core/Mage/Core/Model/Session/Abstract.php(84): Mage_Core_Model_Session_Abstract_Varien->init('store_store_vie...', NULL)
#2 /home/makersga/public_html/myblute.com/app/code/core/Mage/Core/Model/Store.php(308): Mage_Core_Model_Session_Abstract->init('store_store_vie...')
#3 /home/makersga/public_html/myblute.com/app/code/core/Mage/Core/Model/Store.php(877): Mage_Core_Model_Store->_getSession()
#4 /home/makersga/public_html/myblute.com/app/code/core/Mage/Core/Model/Store.php(941): Mage_Core_Model_Store->getCurrentCurrencyCode()
#5 /home/makersga/public_html/myblute.com/app/code/core/Mage/Core/Model/Store.php(975): Mage_Core_Model_Store->getCurrentCurrency()
#6 /home/makersga/public_html/myblute.com/app/design/frontend/rwd/default/template/catalog/product/price.phtml(50): Mage_Core_Model_Store->convertPrice('350.0000')
#7 /home/makersga/public_html/myblute.com/app/code/core/Mage/Core/Block/Template.php(241): include('/home/makersga/...')
#8 /home/makersga/public_html/myblute.com/app/code/core/Mage/Core/Block/Template.php(272): Mage_Core_Block_Template->fetchView('frontend/rwd/de...')
#9 /home/makersga/public_html/myblute.com/app/code/core/Mage/Core/Block/Template.php(286): Mage_Core_Block_Template->renderView()
#10 /home/makersga/public_html/myblute.com/app/code/core/Mage/Catalog/Block/Product/Price.php(195): Mage_Core_Block_Template->_toHtml()
#11 /home/makersga/public_html/myblute.com/app/code/core/Mage/Core/Block/Abstract.php(923): Mage_Catalog_Block_Product_Price->_toHtml()
#12 /home/makersga/public_html/myblute.com/app/code/core/Mage/Catalog/Block/Product/Abstract.php(287): Mage_Core_Block_Abstract->toHtml()
#13 /home/makersga/public_html/myblute.com/app/design/frontend/base/default/template/catalog/product/new.phtml(39): Mage_Catalog_Block_Product_Abstract->getPriceHtml(Object(Mage_Catalog_Model_Product), true, '-new')
#14 /home/makersga/public_html/myblute.com/app/code/core/Mage/Core/Block/Template.php(241): include('/home/makersga/...')
#15 /home/makersga/public_html/myblute.com/app/code/core/Mage/Core/Block/Template.php(272): Mage_Core_Block_Template->fetchView('frontend/base/d...')
#16 /home/makersga/public_html/myblute.com/app/code/core/Mage/Core/Block/Template.php(286): Mage_Core_Block_Template->renderView()
#17 /home/makersga/public_html/myblute.com/app/code/core/Mage/Core/Block/Abstract.php(923): Mage_Core_Block_Template->_toHtml()
#18 /home/makersga/public_html/myblute.com/app/code/core/Mage/Core/Model/Email/Template/Filter.php(208): Mage_Core_Block_Abstract->toHtml()
#19 [internal function]: Mage_Core_Model_Email_Template_Filter->blockDirective(Array)
#20 /home/makersga/public_html/myblute.com/lib/Varien/Filter/Template.php(163): call_user_func(Array, Array)
#21 /home/makersga/public_html/myblute.com/app/code/core/Mage/Core/Model/Email/Template/Filter.php(560): Varien_Filter_Template->filter('<div class="ban...')
#22 /home/makersga/public_html/myblute.com/app/code/core/Mage/Cms/Block/Page.php(123): Mage_Core_Model_Email_Template_Filter->filter('<div class="ban...')
#23 /home/makersga/public_html/myblute.com/app/code/core/Mage/Core/Block/Abstract.php(923): Mage_Cms_Block_Page->_toHtml()
#24 /home/makersga/public_html/myblute.com/app/code/core/Mage/Core/Block/Abstract.php(641): Mage_Core_Block_Abstract->toHtml()
#25 /home/makersga/public_html/myblute.com/app/code/core/Mage/Core/Block/Abstract.php(581): Mage_Core_Block_Abstract->_getChildHtml('cms_page', true)
#26 /home/makersga/public_html/myblute.com/app/code/core/Mage/Page/Block/Html/Wrapper.php(52): Mage_Core_Block_Abstract->getChildHtml('', true, true)
#27 /home/makersga/public_html/myblute.com/app/code/core/Mage/Core/Block/Abstract.php(923): Mage_Page_Block_Html_Wrapper->_toHtml()
#28 /home/makersga/public_html/myblute.com/app/code/core/Mage/Core/Block/Text/List.php(43): Mage_Core_Block_Abstract->toHtml()
#29 /home/makersga/public_html/myblute.com/app/code/core/Mage/Core/Block/Abstract.php(923): Mage_Core_Block_Text_List->_toHtml()
#30 /home/makersga/public_html/myblute.com/app/code/core/Mage/Core/Block/Abstract.php(641): Mage_Core_Block_Abstract->toHtml()
#31 /home/makersga/public_html/myblute.com/app/code/core/Mage/Core/Block/Abstract.php(585): Mage_Core_Block_Abstract->_getChildHtml('content', true)
#32 /home/makersga/public_html/myblute.com/app/design/frontend/rwd/default/template/page/1column.phtml(55): Mage_Core_Block_Abstract->getChildHtml('content')
#33 /home/makersga/public_html/myblute.com/app/code/core/Mage/Core/Block/Template.php(241): include('/home/makersga/...')
#34 /home/makersga/public_html/myblute.com/app/code/core/Mage/Core/Block/Template.php(272): Mage_Core_Block_Template->fetchView('frontend/rwd/de...')
#35 /home/makersga/public_html/myblute.com/app/code/core/Mage/Core/Block/Template.php(286): Mage_Core_Block_Template->renderView()
#36 /home/makersga/public_html/myblute.com/app/code/core/Mage/Core/Block/Abstract.php(923): Mage_Core_Block_Template->_toHtml()
#37 /home/makersga/public_html/myblute.com/app/code/core/Mage/Core/Model/Layout.php(555): Mage_Core_Block_Abstract->toHtml()
#38 /home/makersga/public_html/myblute.com/app/code/core/Mage/Core/Controller/Varien/Action.php(390): Mage_Core_Model_Layout->getOutput()
#39 /home/makersga/public_html/myblute.com/app/code/core/Mage/Cms/Helper/Page.php(137): Mage_Core_Controller_Varien_Action->renderLayout()
#40 /home/makersga/public_html/myblute.com/app/code/core/Mage/Cms/Helper/Page.php(52): Mage_Cms_Helper_Page->_renderPage(Object(Mage_Cms_IndexController), 'home')
#41 /home/makersga/public_html/myblute.com/app/code/core/Mage/Cms/controllers/IndexController.php(45): Mage_Cms_Helper_Page->renderPage(Object(Mage_Cms_IndexController), 'home')
#42 /home/makersga/public_html/myblute.com/app/code/core/Mage/Core/Controller/Varien/Action.php(418): Mage_Cms_IndexController->indexAction()
#43 /home/makersga/public_html/myblute.com/app/code/core/Mage/Core/Controller/Varien/Router/Standard.php(254): Mage_Core_Controller_Varien_Action->dispatch('index')
#44 /home/makersga/public_html/myblute.com/app/code/core/Mage/Core/Controller/Varien/Front.php(172): Mage_Core_Controller_Varien_Router_Standard->match(Object(Mage_Core_Controller_Request_Http))
#45 /home/makersga/public_html/myblute.com/app/code/core/Mage/Core/Model/App.php(365): Mage_Core_Controller_Varien_Front->dispatch()
#46 /home/makersga/public_html/myblute.com/app/Mage.php(684): Mage_Core_Model_App->run(Array)
#47 /home/makersga/public_html/myblute.com/index.php(83): Mage::run('', 'store')
#48 {main}
2017-02-27T19:15:15+00:00 ERR (3): 
exception 'Exception' with message 'Error during unserialization' in /home/makersga/public_html/myblute.com/lib/Unserialize/Parser.php:60
Stack trace:
#0 /home/makersga/public_html/myblute.com/app/code/core/Mage/Core/Helper/UnserializeArray.php(44): Unserialize_Parser->unserialize(Object(Mage_Core_Model_Config_Element))
#1 /home/makersga/public_html/myblute.com/app/code/core/Mage/Adminhtml/Model/System/Config/Backend/Serialized.php(37): Mage_Core_Helper_UnserializeArray->unserialize(Object(Mage_Core_Model_Config_Element))
#2 /home/makersga/public_html/myblute.com/app/code/core/Mage/Core/Model/Config/Data.php(78): Mage_Adminhtml_Model_System_Config_Backend_Serialized->_afterLoad()
#3 /home/makersga/public_html/myblute.com/app/code/core/Mage/Adminhtml/Block/System/Config/Form.php(334): Mage_Core_Model_Config_Data->afterLoad()
#4 /home/makersga/public_html/myblute.com/app/code/core/Mage/Adminhtml/Block/System/Config/Form.php(229): Mage_Adminhtml_Block_System_Config_Form->initFields(Object(Varien_Data_Form_Element_Fieldset), Object(Mage_Core_Model_Config_Element), Object(Mage_Core_Model_Config_Element))
#5 /home/makersga/public_html/myblute.com/app/code/core/Mage/Adminhtml/Block/System/Config/Form.php(164): Mage_Adminhtml_Block_System_Config_Form->_initGroup(Object(Varien_Data_Form), Object(Mage_Core_Model_Config_Element), Object(Mage_Core_Model_Config_Element))
#6 /home/makersga/public_html/myblute.com/app/code/core/Mage/Adminhtml/Block/System/Config/Edit.php(92): Mage_Adminhtml_Block_System_Config_Form->initForm()
#7 /home/makersga/public_html/myblute.com/app/code/core/Mage/Adminhtml/controllers/System/ConfigController.php(107): Mage_Adminhtml_Block_System_Config_Edit->initForm()
#8 /home/makersga/public_html/myblute.com/app/code/core/Mage/Core/Controller/Varien/Action.php(418): Mage_Adminhtml_System_ConfigController->editAction()
#9 /home/makersga/public_html/myblute.com/app/code/core/Mage/Core/Controller/Varien/Router/Standard.php(254): Mage_Core_Controller_Varien_Action->dispatch('edit')
#10 /home/makersga/public_html/myblute.com/app/code/core/Mage/Core/Controller/Varien/Front.php(172): Mage_Core_Controller_Varien_Router_Standard->match(Object(Mage_Core_Controller_Request_Http))
#11 /home/makersga/public_html/myblute.com/app/code/core/Mage/Core/Model/App.php(365): Mage_Core_Controller_Varien_Front->dispatch()
#12 /home/makersga/public_html/myblute.com/app/Mage.php(684): Mage_Core_Model_App->run(Array)
#13 /home/makersga/public_html/myblute.com/index.php(83): Mage::run('', 'store')
#14 {main}
2017-02-27T19:15:15+00:00 ERR (3): 
exception 'Exception' with message 'Error during unserialization' in /home/makersga/public_html/myblute.com/lib/Unserialize/Parser.php:60
Stack trace:
#0 /home/makersga/public_html/myblute.com/app/code/core/Mage/Core/Helper/UnserializeArray.php(44): Unserialize_Parser->unserialize(Object(Mage_Core_Model_Config_Element))
#1 /home/makersga/public_html/myblute.com/app/code/core/Mage/Adminhtml/Model/System/Config/Backend/Serialized.php(37): Mage_Core_Helper_UnserializeArray->unserialize(Object(Mage_Core_Model_Config_Element))
#2 /home/makersga/public_html/myblute.com/app/code/core/Mage/Core/Model/Config/Data.php(78): Mage_Adminhtml_Model_System_Config_Backend_Serialized->_afterLoad()
#3 /home/makersga/public_html/myblute.com/app/code/core/Mage/Adminhtml/Block/System/Config/Form.php(334): Mage_Core_Model_Config_Data->afterLoad()
#4 /home/makersga/public_html/myblute.com/app/code/core/Mage/Adminhtml/Block/System/Config/Form.php(229): Mage_Adminhtml_Block_System_Config_Form->initFields(Object(Varien_Data_Form_Element_Fieldset), Object(Mage_Core_Model_Config_Element), Object(Mage_Core_Model_Config_Element))
#5 /home/makersga/public_html/myblute.com/app/code/core/Mage/Adminhtml/Block/System/Config/Form.php(164): Mage_Adminhtml_Block_System_Config_Form->_initGroup(Object(Varien_Data_Form), Object(Mage_Core_Model_Config_Element), Object(Mage_Core_Model_Config_Element))
#6 /home/makersga/public_html/myblute.com/app/code/core/Mage/Adminhtml/Block/System/Config/Edit.php(92): Mage_Adminhtml_Block_System_Config_Form->initForm()
#7 /home/makersga/public_html/myblute.com/app/code/core/Mage/Adminhtml/controllers/System/ConfigController.php(107): Mage_Adminhtml_Block_System_Config_Edit->initForm()
#8 /home/makersga/public_html/myblute.com/app/code/core/Mage/Core/Controller/Varien/Action.php(418): Mage_Adminhtml_System_ConfigController->editAction()
#9 /home/makersga/public_html/myblute.com/app/code/core/Mage/Core/Controller/Varien/Router/Standard.php(254): Mage_Core_Controller_Varien_Action->dispatch('edit')
#10 /home/makersga/public_html/myblute.com/app/code/core/Mage/Core/Controller/Varien/Front.php(172): Mage_Core_Controller_Varien_Router_Standard->match(Object(Mage_Core_Controller_Request_Http))
#11 /home/makersga/public_html/myblute.com/app/code/core/Mage/Core/Model/App.php(365): Mage_Core_Controller_Varien_Front->dispatch()
#12 /home/makersga/public_html/myblute.com/app/Mage.php(684): Mage_Core_Model_App->run(Array)
#13 /home/makersga/public_html/myblute.com/index.php(83): Mage::run('', 'store')
#14 {main}
2017-02-27T19:15:15+00:00 ERR (3): 
exception 'Exception' with message 'Error during unserialization' in /home/makersga/public_html/myblute.com/lib/Unserialize/Parser.php:60
Stack trace:
#0 /home/makersga/public_html/myblute.com/app/code/core/Mage/Core/Helper/UnserializeArray.php(44): Unserialize_Parser->unserialize(Object(Mage_Core_Model_Config_Element))
#1 /home/makersga/public_html/myblute.com/app/code/core/Mage/Adminhtml/Model/System/Config/Backend/Serialized.php(37): Mage_Core_Helper_UnserializeArray->unserialize(Object(Mage_Core_Model_Config_Element))
#2 /home/makersga/public_html/myblute.com/app/code/core/Mage/Core/Model/Config/Data.php(78): Mage_Adminhtml_Model_System_Config_Backend_Serialized->_afterLoad()
#3 /home/makersga/public_html/myblute.com/app/code/core/Mage/Adminhtml/Block/System/Config/Form.php(334): Mage_Core_Model_Config_Data->afterLoad()
#4 /home/makersga/public_html/myblute.com/app/code/core/Mage/Adminhtml/Block/System/Config/Form.php(229): Mage_Adminhtml_Block_System_Config_Form->initFields(Object(Varien_Data_Form_Element_Fieldset), Object(Mage_Core_Model_Config_Element), Object(Mage_Core_Model_Config_Element))
#5 /home/makersga/public_html/myblute.com/app/code/core/Mage/Adminhtml/Block/System/Config/Form.php(164): Mage_Adminhtml_Block_System_Config_Form->_initGroup(Object(Varien_Data_Form), Object(Mage_Core_Model_Config_Element), Object(Mage_Core_Model_Config_Element))
#6 /home/makersga/public_html/myblute.com/app/code/core/Mage/Adminhtml/Block/System/Config/Edit.php(92): Mage_Adminhtml_Block_System_Config_Form->initForm()
#7 /home/makersga/public_html/myblute.com/app/code/core/Mage/Adminhtml/controllers/System/ConfigController.php(107): Mage_Adminhtml_Block_System_Config_Edit->initForm()
#8 /home/makersga/public_html/myblute.com/app/code/core/Mage/Core/Controller/Varien/Action.php(418): Mage_Adminhtml_System_ConfigController->editAction()
#9 /home/makersga/public_html/myblute.com/app/code/core/Mage/Core/Controller/Varien/Router/Standard.php(254): Mage_Core_Controller_Varien_Action->dispatch('edit')
#10 /home/makersga/public_html/myblute.com/app/code/core/Mage/Core/Controller/Varien/Front.php(172): Mage_Core_Controller_Varien_Router_Standard->match(Object(Mage_Core_Controller_Request_Http))
#11 /home/makersga/public_html/myblute.com/app/code/core/Mage/Core/Model/App.php(365): Mage_Core_Controller_Varien_Front->dispatch()
#12 /home/makersga/public_html/myblute.com/app/Mage.php(684): Mage_Core_Model_App->run(Array)
#13 /home/makersga/public_html/myblute.com/index.php(83): Mage::run('', 'store')
#14 {main}
2017-02-27T19:15:15+00:00 ERR (3): 
exception 'Exception' with message 'Error during unserialization' in /home/makersga/public_html/myblute.com/lib/Unserialize/Parser.php:60
Stack trace:
#0 /home/makersga/public_html/myblute.com/app/code/core/Mage/Core/Helper/UnserializeArray.php(44): Unserialize_Parser->unserialize(Object(Mage_Core_Model_Config_Element))
#1 /home/makersga/public_html/myblute.com/app/code/core/Mage/Adminhtml/Model/System/Config/Backend/Serialized.php(37): Mage_Core_Helper_UnserializeArray->unserialize(Object(Mage_Core_Model_Config_Element))
#2 /home/makersga/public_html/myblute.com/app/code/core/Mage/Core/Model/Config/Data.php(78): Mage_Adminhtml_Model_System_Config_Backend_Serialized->_afterLoad()
#3 /home/makersga/public_html/myblute.com/app/code/core/Mage/Adminhtml/Block/System/Config/Form.php(334): Mage_Core_Model_Config_Data->afterLoad()
#4 /home/makersga/public_html/myblute.com/app/code/core/Mage/Adminhtml/Block/System/Config/Form.php(229): Mage_Adminhtml_Block_System_Config_Form->initFields(Object(Varien_Data_Form_Element_Fieldset), Object(Mage_Core_Model_Config_Element), Object(Mage_Core_Model_Config_Element))
#5 /home/makersga/public_html/myblute.com/app/code/core/Mage/Adminhtml/Block/System/Config/Form.php(164): Mage_Adminhtml_Block_System_Config_Form->_initGroup(Object(Varien_Data_Form), Object(Mage_Core_Model_Config_Element), Object(Mage_Core_Model_Config_Element))
#6 /home/makersga/public_html/myblute.com/app/code/core/Mage/Adminhtml/Block/System/Config/Edit.php(92): Mage_Adminhtml_Block_System_Config_Form->initForm()
#7 /home/makersga/public_html/myblute.com/app/code/core/Mage/Adminhtml/controllers/System/ConfigController.php(107): Mage_Adminhtml_Block_System_Config_Edit->initForm()
#8 /home/makersga/public_html/myblute.com/app/code/core/Mage/Core/Controller/Varien/Action.php(418): Mage_Adminhtml_System_ConfigController->editAction()
#9 /home/makersga/public_html/myblute.com/app/code/core/Mage/Core/Controller/Varien/Router/Standard.php(254): Mage_Core_Controller_Varien_Action->dispatch('edit')
#10 /home/makersga/public_html/myblute.com/app/code/core/Mage/Core/Controller/Varien/Front.php(172): Mage_Core_Controller_Varien_Router_Standard->match(Object(Mage_Core_Controller_Request_Http))
#11 /home/makersga/public_html/myblute.com/app/code/core/Mage/Core/Model/App.php(365): Mage_Core_Controller_Varien_Front->dispatch()
#12 /home/makersga/public_html/myblute.com/app/Mage.php(684): Mage_Core_Model_App->run(Array)
#13 /home/makersga/public_html/myblute.com/index.php(83): Mage::run('', 'store')
#14 {main}
2017-02-27T19:15:15+00:00 ERR (3): 
exception 'Exception' with message 'Error during unserialization' in /home/makersga/public_html/myblute.com/lib/Unserialize/Parser.php:60
Stack trace:
#0 /home/makersga/public_html/myblute.com/app/code/core/Mage/Core/Helper/UnserializeArray.php(44): Unserialize_Parser->unserialize(Object(Mage_Core_Model_Config_Element))
#1 /home/makersga/public_html/myblute.com/app/code/core/Mage/Adminhtml/Model/System/Config/Backend/Serialized.php(37): Mage_Core_Helper_UnserializeArray->unserialize(Object(Mage_Core_Model_Config_Element))
#2 /home/makersga/public_html/myblute.com/app/code/core/Mage/Core/Model/Config/Data.php(78): Mage_Adminhtml_Model_System_Config_Backend_Serialized->_afterLoad()
#3 /home/makersga/public_html/myblute.com/app/code/core/Mage/Adminhtml/Block/System/Config/Form.php(334): Mage_Core_Model_Config_Data->afterLoad()
#4 /home/makersga/public_html/myblute.com/app/code/core/Mage/Adminhtml/Block/System/Config/Form.php(229): Mage_Adminhtml_Block_System_Config_Form->initFields(Object(Varien_Data_Form_Element_Fieldset), Object(Mage_Core_Model_Config_Element), Object(Mage_Core_Model_Config_Element))
#5 /home/makersga/public_html/myblute.com/app/code/core/Mage/Adminhtml/Block/System/Config/Form.php(164): Mage_Adminhtml_Block_System_Config_Form->_initGroup(Object(Varien_Data_Form), Object(Mage_Core_Model_Config_Element), Object(Mage_Core_Model_Config_Element))
#6 /home/makersga/public_html/myblute.com/app/code/core/Mage/Adminhtml/Block/System/Config/Edit.php(92): Mage_Adminhtml_Block_System_Config_Form->initForm()
#7 /home/makersga/public_html/myblute.com/app/code/core/Mage/Adminhtml/controllers/System/ConfigController.php(107): Mage_Adminhtml_Block_System_Config_Edit->initForm()
#8 /home/makersga/public_html/myblute.com/app/code/core/Mage/Core/Controller/Varien/Action.php(418): Mage_Adminhtml_System_ConfigController->editAction()
#9 /home/makersga/public_html/myblute.com/app/code/core/Mage/Core/Controller/Varien/Router/Standard.php(254): Mage_Core_Controller_Varien_Action->dispatch('edit')
#10 /home/makersga/public_html/myblute.com/app/code/core/Mage/Core/Controller/Varien/Front.php(172): Mage_Core_Controller_Varien_Router_Standard->match(Object(Mage_Core_Controller_Request_Http))
#11 /home/makersga/public_html/myblute.com/app/code/core/Mage/Core/Model/App.php(365): Mage_Core_Controller_Varien_Front->dispatch()
#12 /home/makersga/public_html/myblute.com/app/Mage.php(684): Mage_Core_Model_App->run(Array)
#13 /home/makersga/public_html/myblute.com/index.php(83): Mage::run('', 'store')
#14 {main}
2017-03-03T08:49:21+00:00 ERR (3): 
exception 'Mage_Core_Model_Session_Exception' in /home/makersga/public_html/myblute.com/app/code/core/Mage/Core/Model/Session/Abstract/Varien.php:416
Stack trace:
#0 /home/makersga/public_html/myblute.com/app/code/core/Mage/Core/Model/Session/Abstract/Varien.php(231): Mage_Core_Model_Session_Abstract_Varien->validate()
#1 /home/makersga/public_html/myblute.com/app/code/core/Mage/Core/Model/Session/Abstract.php(84): Mage_Core_Model_Session_Abstract_Varien->init('store_store_vie...', NULL)
#2 /home/makersga/public_html/myblute.com/app/code/core/Mage/Core/Model/Store.php(308): Mage_Core_Model_Session_Abstract->init('store_store_vie...')
#3 /home/makersga/public_html/myblute.com/app/code/core/Mage/Core/Model/Store.php(877): Mage_Core_Model_Store->_getSession()
#4 /home/makersga/public_html/myblute.com/app/code/core/Mage/Core/Model/Store.php(941): Mage_Core_Model_Store->getCurrentCurrencyCode()
#5 /home/makersga/public_html/myblute.com/app/code/core/Mage/Core/Model/Store.php(975): Mage_Core_Model_Store->getCurrentCurrency()
#6 /home/makersga/public_html/myblute.com/app/design/frontend/rwd/default/template/catalog/product/price.phtml(50): Mage_Core_Model_Store->convertPrice('350.0000')
#7 /home/makersga/public_html/myblute.com/app/code/core/Mage/Core/Block/Template.php(241): include('/home/makersga/...')
#8 /home/makersga/public_html/myblute.com/app/code/core/Mage/Core/Block/Template.php(272): Mage_Core_Block_Template->fetchView('frontend/rwd/de...')
#9 /home/makersga/public_html/myblute.com/app/code/core/Mage/Core/Block/Template.php(286): Mage_Core_Block_Template->renderView()
#10 /home/makersga/public_html/myblute.com/app/code/core/Mage/Catalog/Block/Product/Price.php(195): Mage_Core_Block_Template->_toHtml()
#11 /home/makersga/public_html/myblute.com/app/code/core/Mage/Core/Block/Abstract.php(923): Mage_Catalog_Block_Product_Price->_toHtml()
#12 /home/makersga/public_html/myblute.com/app/code/core/Mage/Catalog/Block/Product/Abstract.php(287): Mage_Core_Block_Abstract->toHtml()
#13 /home/makersga/public_html/myblute.com/app/design/frontend/base/default/template/catalog/product/new.phtml(39): Mage_Catalog_Block_Product_Abstract->getPriceHtml(Object(Mage_Catalog_Model_Product), true, '-new')
#14 /home/makersga/public_html/myblute.com/app/code/core/Mage/Core/Block/Template.php(241): include('/home/makersga/...')
#15 /home/makersga/public_html/myblute.com/app/code/core/Mage/Core/Block/Template.php(272): Mage_Core_Block_Template->fetchView('frontend/base/d...')
#16 /home/makersga/public_html/myblute.com/app/code/core/Mage/Core/Block/Template.php(286): Mage_Core_Block_Template->renderView()
#17 /home/makersga/public_html/myblute.com/app/code/core/Mage/Core/Block/Abstract.php(923): Mage_Core_Block_Template->_toHtml()
#18 /home/makersga/public_html/myblute.com/app/code/core/Mage/Core/Model/Email/Template/Filter.php(208): Mage_Core_Block_Abstract->toHtml()
#19 [internal function]: Mage_Core_Model_Email_Template_Filter->blockDirective(Array)
#20 /home/makersga/public_html/myblute.com/lib/Varien/Filter/Template.php(163): call_user_func(Array, Array)
#21 /home/makersga/public_html/myblute.com/app/code/core/Mage/Core/Model/Email/Template/Filter.php(560): Varien_Filter_Template->filter('<div class="ban...')
#22 /home/makersga/public_html/myblute.com/app/code/core/Mage/Cms/Block/Page.php(123): Mage_Core_Model_Email_Template_Filter->filter('<div class="ban...')
#23 /home/makersga/public_html/myblute.com/app/code/core/Mage/Core/Block/Abstract.php(923): Mage_Cms_Block_Page->_toHtml()
#24 /home/makersga/public_html/myblute.com/app/code/core/Mage/Core/Block/Abstract.php(641): Mage_Core_Block_Abstract->toHtml()
#25 /home/makersga/public_html/myblute.com/app/code/core/Mage/Core/Block/Abstract.php(581): Mage_Core_Block_Abstract->_getChildHtml('cms_page', true)
#26 /home/makersga/public_html/myblute.com/app/code/core/Mage/Page/Block/Html/Wrapper.php(52): Mage_Core_Block_Abstract->getChildHtml('', true, true)
#27 /home/makersga/public_html/myblute.com/app/code/core/Mage/Core/Block/Abstract.php(923): Mage_Page_Block_Html_Wrapper->_toHtml()
#28 /home/makersga/public_html/myblute.com/app/code/core/Mage/Core/Block/Text/List.php(43): Mage_Core_Block_Abstract->toHtml()
#29 /home/makersga/public_html/myblute.com/app/code/core/Mage/Core/Block/Abstract.php(923): Mage_Core_Block_Text_List->_toHtml()
#30 /home/makersga/public_html/myblute.com/app/code/core/Mage/Core/Block/Abstract.php(641): Mage_Core_Block_Abstract->toHtml()
#31 /home/makersga/public_html/myblute.com/app/code/core/Mage/Core/Block/Abstract.php(585): Mage_Core_Block_Abstract->_getChildHtml('content', true)
#32 /home/makersga/public_html/myblute.com/app/design/frontend/rwd/default/template/page/1column.phtml(55): Mage_Core_Block_Abstract->getChildHtml('content')
#33 /home/makersga/public_html/myblute.com/app/code/core/Mage/Core/Block/Template.php(241): include('/home/makersga/...')
#34 /home/makersga/public_html/myblute.com/app/code/core/Mage/Core/Block/Template.php(272): Mage_Core_Block_Template->fetchView('frontend/rwd/de...')
#35 /home/makersga/public_html/myblute.com/app/code/core/Mage/Core/Block/Template.php(286): Mage_Core_Block_Template->renderView()
#36 /home/makersga/public_html/myblute.com/app/code/core/Mage/Core/Block/Abstract.php(923): Mage_Core_Block_Template->_toHtml()
#37 /home/makersga/public_html/myblute.com/app/code/core/Mage/Core/Model/Layout.php(555): Mage_Core_Block_Abstract->toHtml()
#38 /home/makersga/public_html/myblute.com/app/code/core/Mage/Core/Controller/Varien/Action.php(390): Mage_Core_Model_Layout->getOutput()
#39 /home/makersga/public_html/myblute.com/app/code/core/Mage/Cms/Helper/Page.php(137): Mage_Core_Controller_Varien_Action->renderLayout()
#40 /home/makersga/public_html/myblute.com/app/code/core/Mage/Cms/Helper/Page.php(52): Mage_Cms_Helper_Page->_renderPage(Object(Mage_Cms_IndexController), 'home')
#41 /home/makersga/public_html/myblute.com/app/code/core/Mage/Cms/controllers/IndexController.php(45): Mage_Cms_Helper_Page->renderPage(Object(Mage_Cms_IndexController), 'home')
#42 /home/makersga/public_html/myblute.com/app/code/core/Mage/Core/Controller/Varien/Action.php(418): Mage_Cms_IndexController->indexAction()
#43 /home/makersga/public_html/myblute.com/app/code/core/Mage/Core/Controller/Varien/Router/Standard.php(254): Mage_Core_Controller_Varien_Action->dispatch('index')
#44 /home/makersga/public_html/myblute.com/app/code/core/Mage/Core/Controller/Varien/Front.php(172): Mage_Core_Controller_Varien_Router_Standard->match(Object(Mage_Core_Controller_Request_Http))
#45 /home/makersga/public_html/myblute.com/app/code/core/Mage/Core/Model/App.php(365): Mage_Core_Controller_Varien_Front->dispatch()
#46 /home/makersga/public_html/myblute.com/app/Mage.php(684): Mage_Core_Model_App->run(Array)
#47 /home/makersga/public_html/myblute.com/index.php(83): Mage::run('', 'store')
#48 {main}
2017-03-03T10:35:33+00:00 ERR (3): 
exception 'Mage_Core_Model_Session_Exception' in /home/makersga/public_html/myblute.com/app/code/core/Mage/Core/Model/Session/Abstract/Varien.php:416
Stack trace:
#0 /home/makersga/public_html/myblute.com/app/code/core/Mage/Core/Model/Session/Abstract/Varien.php(231): Mage_Core_Model_Session_Abstract_Varien->validate()
#1 /home/makersga/public_html/myblute.com/app/code/core/Mage/Core/Model/Session/Abstract.php(84): Mage_Core_Model_Session_Abstract_Varien->init('store_store_vie...', NULL)
#2 /home/makersga/public_html/myblute.com/app/code/core/Mage/Core/Model/Store.php(308): Mage_Core_Model_Session_Abstract->init('store_store_vie...')
#3 /home/makersga/public_html/myblute.com/app/code/core/Mage/Core/Model/Store.php(877): Mage_Core_Model_Store->_getSession()
#4 /home/makersga/public_html/myblute.com/app/code/core/Mage/Core/Model/Store.php(941): Mage_Core_Model_Store->getCurrentCurrencyCode()
#5 /home/makersga/public_html/myblute.com/app/code/core/Mage/Core/Model/Store.php(975): Mage_Core_Model_Store->getCurrentCurrency()
#6 /home/makersga/public_html/myblute.com/app/design/frontend/rwd/default/template/catalog/product/price.phtml(50): Mage_Core_Model_Store->convertPrice('350.0000')
#7 /home/makersga/public_html/myblute.com/app/code/core/Mage/Core/Block/Template.php(241): include('/home/makersga/...')
#8 /home/makersga/public_html/myblute.com/app/code/core/Mage/Core/Block/Template.php(272): Mage_Core_Block_Template->fetchView('frontend/rwd/de...')
#9 /home/makersga/public_html/myblute.com/app/code/core/Mage/Core/Block/Template.php(286): Mage_Core_Block_Template->renderView()
#10 /home/makersga/public_html/myblute.com/app/code/core/Mage/Catalog/Block/Product/Price.php(195): Mage_Core_Block_Template->_toHtml()
#11 /home/makersga/public_html/myblute.com/app/code/core/Mage/Core/Block/Abstract.php(923): Mage_Catalog_Block_Product_Price->_toHtml()
#12 /home/makersga/public_html/myblute.com/app/code/core/Mage/Catalog/Block/Product/Abstract.php(287): Mage_Core_Block_Abstract->toHtml()
#13 /home/makersga/public_html/myblute.com/app/design/frontend/base/default/template/catalog/product/new.phtml(39): Mage_Catalog_Block_Product_Abstract->getPriceHtml(Object(Mage_Catalog_Model_Product), true, '-new')
#14 /home/makersga/public_html/myblute.com/app/code/core/Mage/Core/Block/Template.php(241): include('/home/makersga/...')
#15 /home/makersga/public_html/myblute.com/app/code/core/Mage/Core/Block/Template.php(272): Mage_Core_Block_Template->fetchView('frontend/base/d...')
#16 /home/makersga/public_html/myblute.com/app/code/core/Mage/Core/Block/Template.php(286): Mage_Core_Block_Template->renderView()
#17 /home/makersga/public_html/myblute.com/app/code/core/Mage/Core/Block/Abstract.php(923): Mage_Core_Block_Template->_toHtml()
#18 /home/makersga/public_html/myblute.com/app/code/core/Mage/Core/Model/Email/Template/Filter.php(208): Mage_Core_Block_Abstract->toHtml()
#19 [internal function]: Mage_Core_Model_Email_Template_Filter->blockDirective(Array)
#20 /home/makersga/public_html/myblute.com/lib/Varien/Filter/Template.php(163): call_user_func(Array, Array)
#21 /home/makersga/public_html/myblute.com/app/code/core/Mage/Core/Model/Email/Template/Filter.php(560): Varien_Filter_Template->filter('<div class="ban...')
#22 /home/makersga/public_html/myblute.com/app/code/core/Mage/Cms/Block/Page.php(123): Mage_Core_Model_Email_Template_Filter->filter('<div class="ban...')
#23 /home/makersga/public_html/myblute.com/app/code/core/Mage/Core/Block/Abstract.php(923): Mage_Cms_Block_Page->_toHtml()
#24 /home/makersga/public_html/myblute.com/app/code/core/Mage/Core/Block/Abstract.php(641): Mage_Core_Block_Abstract->toHtml()
#25 /home/makersga/public_html/myblute.com/app/code/core/Mage/Core/Block/Abstract.php(581): Mage_Core_Block_Abstract->_getChildHtml('cms_page', true)
#26 /home/makersga/public_html/myblute.com/app/code/core/Mage/Page/Block/Html/Wrapper.php(52): Mage_Core_Block_Abstract->getChildHtml('', true, true)
#27 /home/makersga/public_html/myblute.com/app/code/core/Mage/Core/Block/Abstract.php(923): Mage_Page_Block_Html_Wrapper->_toHtml()
#28 /home/makersga/public_html/myblute.com/app/code/core/Mage/Core/Block/Text/List.php(43): Mage_Core_Block_Abstract->toHtml()
#29 /home/makersga/public_html/myblute.com/app/code/core/Mage/Core/Block/Abstract.php(923): Mage_Core_Block_Text_List->_toHtml()
#30 /home/makersga/public_html/myblute.com/app/code/core/Mage/Core/Block/Abstract.php(641): Mage_Core_Block_Abstract->toHtml()
#31 /home/makersga/public_html/myblute.com/app/code/core/Mage/Core/Block/Abstract.php(585): Mage_Core_Block_Abstract->_getChildHtml('content', true)
#32 /home/makersga/public_html/myblute.com/app/design/frontend/rwd/default/template/page/1column.phtml(55): Mage_Core_Block_Abstract->getChildHtml('content')
#33 /home/makersga/public_html/myblute.com/app/code/core/Mage/Core/Block/Template.php(241): include('/home/makersga/...')
#34 /home/makersga/public_html/myblute.com/app/code/core/Mage/Core/Block/Template.php(272): Mage_Core_Block_Template->fetchView('frontend/rwd/de...')
#35 /home/makersga/public_html/myblute.com/app/code/core/Mage/Core/Block/Template.php(286): Mage_Core_Block_Template->renderView()
#36 /home/makersga/public_html/myblute.com/app/code/core/Mage/Core/Block/Abstract.php(923): Mage_Core_Block_Template->_toHtml()
#37 /home/makersga/public_html/myblute.com/app/code/core/Mage/Core/Model/Layout.php(555): Mage_Core_Block_Abstract->toHtml()
#38 /home/makersga/public_html/myblute.com/app/code/core/Mage/Core/Controller/Varien/Action.php(390): Mage_Core_Model_Layout->getOutput()
#39 /home/makersga/public_html/myblute.com/app/code/core/Mage/Cms/Helper/Page.php(137): Mage_Core_Controller_Varien_Action->renderLayout()
#40 /home/makersga/public_html/myblute.com/app/code/core/Mage/Cms/Helper/Page.php(52): Mage_Cms_Helper_Page->_renderPage(Object(Mage_Cms_IndexController), 'home')
#41 /home/makersga/public_html/myblute.com/app/code/core/Mage/Cms/controllers/IndexController.php(45): Mage_Cms_Helper_Page->renderPage(Object(Mage_Cms_IndexController), 'home')
#42 /home/makersga/public_html/myblute.com/app/code/core/Mage/Core/Controller/Varien/Action.php(418): Mage_Cms_IndexController->indexAction()
#43 /home/makersga/public_html/myblute.com/app/code/core/Mage/Core/Controller/Varien/Router/Standard.php(254): Mage_Core_Controller_Varien_Action->dispatch('index')
#44 /home/makersga/public_html/myblute.com/app/code/core/Mage/Core/Controller/Varien/Front.php(172): Mage_Core_Controller_Varien_Router_Standard->match(Object(Mage_Core_Controller_Request_Http))
#45 /home/makersga/public_html/myblute.com/app/code/core/Mage/Core/Model/App.php(365): Mage_Core_Controller_Varien_Front->dispatch()
#46 /home/makersga/public_html/myblute.com/app/Mage.php(684): Mage_Core_Model_App->run(Array)
#47 /home/makersga/public_html/myblute.com/index.php(83): Mage::run('', 'store')
#48 {main}
2017-03-03T10:48:12+00:00 ERR (3): 
exception 'Mage_Core_Model_Session_Exception' in /home/makersga/public_html/myblute.com/app/code/core/Mage/Core/Model/Session/Abstract/Varien.php:416
Stack trace:
#0 /home/makersga/public_html/myblute.com/app/code/core/Mage/Core/Model/Session/Abstract/Varien.php(231): Mage_Core_Model_Session_Abstract_Varien->validate()
#1 /home/makersga/public_html/myblute.com/app/code/core/Mage/Core/Model/Session/Abstract.php(84): Mage_Core_Model_Session_Abstract_Varien->init('reports', NULL)
#2 /home/makersga/public_html/myblute.com/app/code/core/Mage/Reports/Model/Session.php(43): Mage_Core_Model_Session_Abstract->init('reports')
#3 /home/makersga/public_html/myblute.com/app/code/core/Mage/Core/Model/Config.php(1357): Mage_Reports_Model_Session->__construct(Array)
#4 /home/makersga/public_html/myblute.com/app/Mage.php(463): Mage_Core_Model_Config->getModelInstance('reports/session', Array)
#5 /home/makersga/public_html/myblute.com/app/Mage.php(477): Mage::getModel('reports/session', Array)
#6 /home/makersga/public_html/myblute.com/app/code/core/Mage/Reports/Model/Product/Index/Abstract.php(167): Mage::getSingleton('reports/session')
#7 /home/makersga/public_html/myblute.com/app/code/core/Mage/Reports/Model/Product/Index/Abstract.php(185): Mage_Reports_Model_Product_Index_Abstract->_getSession()
#8 /home/makersga/public_html/myblute.com/app/code/core/Mage/Reports/Model/Event/Observer.php(148): Mage_Reports_Model_Product_Index_Abstract->calculate()
#9 /home/makersga/public_html/myblute.com/app/code/core/Mage/Core/Model/App.php(1358): Mage_Reports_Model_Event_Observer->catalogProductView(Object(Varien_Event_Observer))
#10 /home/makersga/public_html/myblute.com/app/code/core/Mage/Core/Model/App.php(1337): Mage_Core_Model_App->_callObserverMethod(Object(Mage_Reports_Model_Event_Observer), 'catalogProductV...', Object(Varien_Event_Observer))
#11 /home/makersga/public_html/myblute.com/app/Mage.php(448): Mage_Core_Model_App->dispatchEvent('catalog_control...', Array)
#12 /home/makersga/public_html/myblute.com/app/code/core/Mage/Catalog/Helper/Product/View.php(135): Mage::dispatchEvent('catalog_control...', Array)
#13 /home/makersga/public_html/myblute.com/app/code/core/Mage/Catalog/controllers/ProductController.php(132): Mage_Catalog_Helper_Product_View->prepareAndRender(1, Object(Mage_Catalog_ProductController), Object(Varien_Object))
#14 /home/makersga/public_html/myblute.com/app/code/core/Mage/Core/Controller/Varien/Action.php(418): Mage_Catalog_ProductController->viewAction()
#15 /home/makersga/public_html/myblute.com/app/code/core/Mage/Core/Controller/Varien/Router/Standard.php(254): Mage_Core_Controller_Varien_Action->dispatch('view')
#16 /home/makersga/public_html/myblute.com/app/code/core/Mage/Core/Controller/Varien/Front.php(172): Mage_Core_Controller_Varien_Router_Standard->match(Object(Mage_Core_Controller_Request_Http))
#17 /home/makersga/public_html/myblute.com/app/code/core/Mage/Core/Model/App.php(365): Mage_Core_Controller_Varien_Front->dispatch()
#18 /home/makersga/public_html/myblute.com/app/Mage.php(684): Mage_Core_Model_App->run(Array)
#19 /home/makersga/public_html/myblute.com/index.php(83): Mage::run('', 'store')
#20 {main}
2017-03-03T12:37:05+00:00 ERR (3): 
exception 'Mage_Core_Model_Session_Exception' in /home/makersga/public_html/myblute.com/app/code/core/Mage/Core/Model/Session/Abstract/Varien.php:416
Stack trace:
#0 /home/makersga/public_html/myblute.com/app/code/core/Mage/Core/Model/Session/Abstract/Varien.php(231): Mage_Core_Model_Session_Abstract_Varien->validate()
#1 /home/makersga/public_html/myblute.com/app/code/core/Mage/Core/Model/Session/Abstract.php(84): Mage_Core_Model_Session_Abstract_Varien->init('reports', NULL)
#2 /home/makersga/public_html/myblute.com/app/code/core/Mage/Reports/Model/Session.php(43): Mage_Core_Model_Session_Abstract->init('reports')
#3 /home/makersga/public_html/myblute.com/app/code/core/Mage/Core/Model/Config.php(1357): Mage_Reports_Model_Session->__construct(Array)
#4 /home/makersga/public_html/myblute.com/app/Mage.php(463): Mage_Core_Model_Config->getModelInstance('reports/session', Array)
#5 /home/makersga/public_html/myblute.com/app/Mage.php(477): Mage::getModel('reports/session', Array)
#6 /home/makersga/public_html/myblute.com/app/code/core/Mage/Reports/Model/Product/Index/Abstract.php(167): Mage::getSingleton('reports/session')
#7 /home/makersga/public_html/myblute.com/app/code/core/Mage/Reports/Model/Product/Index/Abstract.php(185): Mage_Reports_Model_Product_Index_Abstract->_getSession()
#8 /home/makersga/public_html/myblute.com/app/code/core/Mage/Reports/Model/Event/Observer.php(148): Mage_Reports_Model_Product_Index_Abstract->calculate()
#9 /home/makersga/public_html/myblute.com/app/code/core/Mage/Core/Model/App.php(1358): Mage_Reports_Model_Event_Observer->catalogProductView(Object(Varien_Event_Observer))
#10 /home/makersga/public_html/myblute.com/app/code/core/Mage/Core/Model/App.php(1337): Mage_Core_Model_App->_callObserverMethod(Object(Mage_Reports_Model_Event_Observer), 'catalogProductV...', Object(Varien_Event_Observer))
#11 /home/makersga/public_html/myblute.com/app/Mage.php(448): Mage_Core_Model_App->dispatchEvent('catalog_control...', Array)
#12 /home/makersga/public_html/myblute.com/app/code/core/Mage/Catalog/Helper/Product/View.php(135): Mage::dispatchEvent('catalog_control...', Array)
#13 /home/makersga/public_html/myblute.com/app/code/core/Mage/Catalog/controllers/ProductController.php(132): Mage_Catalog_Helper_Product_View->prepareAndRender(3, Object(Mage_Catalog_ProductController), Object(Varien_Object))
#14 /home/makersga/public_html/myblute.com/app/code/core/Mage/Core/Controller/Varien/Action.php(418): Mage_Catalog_ProductController->viewAction()
#15 /home/makersga/public_html/myblute.com/app/code/core/Mage/Core/Controller/Varien/Router/Standard.php(254): Mage_Core_Controller_Varien_Action->dispatch('view')
#16 /home/makersga/public_html/myblute.com/app/code/core/Mage/Core/Controller/Varien/Front.php(172): Mage_Core_Controller_Varien_Router_Standard->match(Object(Mage_Core_Controller_Request_Http))
#17 /home/makersga/public_html/myblute.com/app/code/core/Mage/Core/Model/App.php(365): Mage_Core_Controller_Varien_Front->dispatch()
#18 /home/makersga/public_html/myblute.com/app/Mage.php(684): Mage_Core_Model_App->run(Array)
#19 /home/makersga/public_html/myblute.com/index.php(83): Mage::run('', 'store')
#20 {main}
